<?xml version="1.0" encoding="UTF-8"?>
<!-- Generated by org.testng.reporters.JUnitReportReporter -->
<testsuite hostname="YOSEPH" name="InterviewAlgorithmsPackage.NewTest" tests="2" failures="0" timestamp="7 Oct 2016 07:01:47 GMT" time="0.034" errors="0">
  <testcase name="myTest" time="0.000" classname="InterviewAlgorithmsPackage.NewTest"/>
  <testcase name="myTest" time="0.034" classname="InterviewAlgorithmsPackage.NewTest"/>
</testsuite> <!-- InterviewAlgorithmsPackage.NewTest -->
